This file contains any messages produced by compilers while
running configure, to aid debugging if configure makes a mistake.

It was created by PCRE configure 8.10, which was
generated by GNU Autoconf 2.65.  Invocation command line was

  $ ./configure 

## --------- ##
## Platform. ##
## --------- ##

hostname = FRANCK-WMD-PC
uname -m = i686
uname -r = 1.0.12(0.46/3/2)
uname -s = MINGW32_NT-6.1
uname -v = 2010-02-05 01:08

/usr/bin/uname -p = unknown
/bin/uname -X     = unknown

/bin/arch              = unknown
/usr/bin/arch -k       = unknown
/usr/convex/getsysinfo = unknown
/usr/bin/hostinfo      = unknown
/bin/machine           = unknown
/usr/bin/oslevel       = unknown
/bin/universe          = unknown

PATH: /h/bin
PATH: .
PATH: /usr/local/bin
PATH: /mingw/bin
PATH: /bin
PATH: /c/Perl/site/bin
PATH: /c/Perl/bin
PATH: /c/Program Files (x86)/VRSonic/SoundScape3D 6
PATH: /c/Program Files (x86)/VRSonic/SoundScape3D 6
PATH: /c/Program Files (x86)/NVIDIA Corporation/PhysX/Common
PATH: /c/Windows/system32
PATH: /c/Windows
PATH: /c/Windows/System32/Wbem
PATH: /c/Windows/System32/WindowsPowerShell/v1.0/
PATH: /c/Program Files (x86)/Microsoft SQL Server/90/Tools/binn/
PATH: /c/Program Files/TortoiseSVN/bin
PATH: /c/Program Files/Perforce
PATH: /c/Python31
PATH: /c/Program Files (x86)/OpenSSH/bin
PATH: /c/Program Files (x86)/CMake 2.8/bin
PATH: /c/strawberry/c/bin
PATH: /c/strawberry/perl/site/bin
PATH: /c/strawberry/perl/bin
PATH: /c/Program Files/TortoiseGit/bin
PATH: /c/Program Files (x86)/QuickTime/QTSystem/
PATH: /c/Program Files/SlikSvn/bin/


## ----------- ##
## Core tests. ##
## ----------- ##

configure:2812: checking for a BSD-compatible install
configure:2880: result: ./install-sh -c
configure:2891: checking whether build environment is sane
configure:2928: result: yes
configure:3055: checking for a thread-safe mkdir -p
configure:3094: result: /bin/mkdir -p
configure:3107: checking for gawk
configure:3123: found /bin/gawk
configure:3134: result: gawk
configure:3145: checking whether make sets $(MAKE)
configure:3171: result: no
configure:3314: checking for gcc
configure:3330: found /c/strawberry/c/bin/gcc
configure:3341: result: gcc
configure:3570: checking for C compiler version
configure:3579: gcc --version >&5
gcc.exe (GCC) 4.4.3
Copyright (C) 2010 Free Software Foundation, Inc.
This is free software; see the source for copying conditions.  There is NO
warranty; not even for MERCHANTABILITY or FITNESS FOR A PARTICULAR PURPOSE.

configure:3590: $? = 0
configure:3579: gcc -v >&5
Using built-in specs.
Target: i686-w64-mingw32
Configured with: ../gcc44-svn/configure --target=i686-w64-mingw32 --host=i686-w64-mingw32 --disable-multilib --disable-nls --disable-win32-registry --prefix=/mingw32 --with-gmp=/mingw32 --with-mpfr=/mingw32 --enable-languages=c,c++
Thread model: win32
gcc version 4.4.3 (GCC) 
configure:3590: $? = 0
configure:3579: gcc -V >&5
gcc.exe: '-V' option must have argument
configure:3590: $? = 1
configure:3579: gcc -qversion >&5
gcc.exe: unrecognized option '-qversion'
gcc.exe: no input files
configure:3590: $? = 1
configure:3610: checking whether the C compiler works
configure:3632: gcc    conftest.c  >&5
configure:3636: $? = 0
configure:3685: result: yes
configure:3688: checking for C compiler default output file name
configure:3690: result: a.exe
configure:3696: checking for suffix of executables
configure:3703: gcc -o conftest.exe    conftest.c  >&5
configure:3707: $? = 0
configure:3729: result: .exe
configure:3751: checking whether we are cross compiling
configure:3759: gcc -o conftest.exe    conftest.c  >&5
configure:3763: $? = 0
configure:3770: ./conftest.exe
configure:3774: $? = 0
configure:3789: result: no
configure:3794: checking for suffix of object files
configure:3816: gcc -c   conftest.c >&5
configure:3820: $? = 0
configure:3841: result: o
configure:3845: checking whether we are using the GNU C compiler
configure:3864: gcc -c   conftest.c >&5
configure:3864: $? = 0
configure:3873: result: yes
configure:3882: checking whether gcc accepts -g
configure:3902: gcc -c -g  conftest.c >&5
configure:3902: $? = 0
configure:3943: result: yes
configure:3960: checking for gcc option to accept ISO C89
configure:4024: gcc  -c -g -O2  conftest.c >&5
configure:4024: $? = 0
configure:4037: result: none needed
configure:4068: checking for style of include used by make
configure:4096: result: none
configure:4121: checking dependency style of gcc
configure:4231: result: none
configure:4304: checking for g++
configure:4320: found /c/strawberry/c/bin/g++
configure:4331: result: g++
configure:4358: checking for C++ compiler version
configure:4367: g++ --version >&5
g++.exe (GCC) 4.4.3
Copyright (C) 2010 Free Software Foundation, Inc.
This is free software; see the source for copying conditions.  There is NO
warranty; not even for MERCHANTABILITY or FITNESS FOR A PARTICULAR PURPOSE.

configure:4378: $? = 0
configure:4367: g++ -v >&5
Using built-in specs.
Target: i686-w64-mingw32
Configured with: ../gcc44-svn/configure --target=i686-w64-mingw32 --host=i686-w64-mingw32 --disable-multilib --disable-nls --disable-win32-registry --prefix=/mingw32 --with-gmp=/mingw32 --with-mpfr=/mingw32 --enable-languages=c,c++
Thread model: win32
gcc version 4.4.3 (GCC) 
configure:4378: $? = 0
configure:4367: g++ -V >&5
g++.exe: '-V' option must have argument
configure:4378: $? = 1
configure:4367: g++ -qversion >&5
g++.exe: unrecognized option '-qversion'
g++.exe: no input files
configure:4378: $? = 1
configure:4382: checking whether we are using the GNU C++ compiler
configure:4401: g++ -c   conftest.cpp >&5
configure:4401: $? = 0
configure:4410: result: yes
configure:4419: checking whether g++ accepts -g
configure:4439: g++ -c -g  conftest.cpp >&5
configure:4439: $? = 0
configure:4480: result: yes
configure:4505: checking dependency style of g++
configure:4615: result: none
configure:4673: g++ -c -O2  conftest.cpp >&5
configure:4673: $? = 0
configure:4693: checking how to run the C preprocessor
configure:4724: gcc -E  conftest.c
configure:4724: $? = 0
configure:4738: gcc -E  conftest.c
conftest.c:11:28: error: ac_nonexistent.h: No such file or directory
configure:4738: $? = 1
configure: failed program was:
| /* confdefs.h */
| #define PACKAGE_NAME "PCRE"
| #define PACKAGE_TARNAME "pcre"
| #define PACKAGE_VERSION "8.10"
| #define PACKAGE_STRING "PCRE 8.10"
| #define PACKAGE_BUGREPORT ""
| #define PACKAGE_URL ""
| #define PACKAGE "pcre"
| #define VERSION "8.10"
| /* end confdefs.h.  */
| #include <ac_nonexistent.h>
configure:4763: result: gcc -E
configure:4783: gcc -E  conftest.c
configure:4783: $? = 0
configure:4797: gcc -E  conftest.c
conftest.c:11:28: error: ac_nonexistent.h: No such file or directory
configure:4797: $? = 1
configure: failed program was:
| /* confdefs.h */
| #define PACKAGE_NAME "PCRE"
| #define PACKAGE_TARNAME "pcre"
| #define PACKAGE_VERSION "8.10"
| #define PACKAGE_STRING "PCRE 8.10"
| #define PACKAGE_BUGREPORT ""
| #define PACKAGE_URL ""
| #define PACKAGE "pcre"
| #define VERSION "8.10"
| /* end confdefs.h.  */
| #include <ac_nonexistent.h>
configure:4826: checking for grep that handles long lines and -e
configure:4884: result: /bin/grep
configure:4889: checking for egrep
configure:4951: result: /bin/grep -E
configure:4956: checking for ANSI C header files
configure:4976: gcc -c -O2  conftest.c >&5
configure:4976: $? = 0
configure:5049: gcc -o conftest.exe -O2   conftest.c  >&5
configure:5049: $? = 0
configure:5049: ./conftest.exe
configure:5049: $? = 0
configure:5060: result: yes
configure:5073: checking for sys/types.h
configure:5073: gcc -c -O2  conftest.c >&5
configure:5073: $? = 0
configure:5073: result: yes
configure:5073: checking for sys/stat.h
configure:5073: gcc -c -O2  conftest.c >&5
configure:5073: $? = 0
configure:5073: result: yes
configure:5073: checking for stdlib.h
configure:5073: gcc -c -O2  conftest.c >&5
configure:5073: $? = 0
configure:5073: result: yes
configure:5073: checking for string.h
configure:5073: gcc -c -O2  conftest.c >&5
configure:5073: $? = 0
configure:5073: result: yes
configure:5073: checking for memory.h
configure:5073: gcc -c -O2  conftest.c >&5
configure:5073: $? = 0
configure:5073: result: yes
configure:5073: checking for strings.h
configure:5073: gcc -c -O2  conftest.c >&5
configure:5073: $? = 0
configure:5073: result: yes
configure:5073: checking for inttypes.h
configure:5073: gcc -c -O2  conftest.c >&5
configure:5073: $? = 0
configure:5073: result: yes
configure:5073: checking for stdint.h
configure:5073: gcc -c -O2  conftest.c >&5
configure:5073: $? = 0
configure:5073: result: yes
configure:5073: checking for unistd.h
configure:5073: gcc -c -O2  conftest.c >&5
configure:5073: $? = 0
configure:5073: result: yes
configure:5086: checking for int64_t
configure:5086: gcc -c -O2  conftest.c >&5
conftest.c: In function 'main':
conftest.c:57: error: expected ')' before ';' token
conftest.c:58: error: expected expression before ']' token
configure:5086: $? = 1
configure: failed program was:
| /* confdefs.h */
| #define PACKAGE_NAME "PCRE"
| #define PACKAGE_TARNAME "pcre"
| #define PACKAGE_VERSION "8.10"
| #define PACKAGE_STRING "PCRE 8.10"
| #define PACKAGE_BUGREPORT ""
| #define PACKAGE_URL ""
| #define PACKAGE "pcre"
| #define VERSION "8.10"
| #define STDC_HEADERS 1
| #define HAVE_SYS_TYPES_H 1
| #define HAVE_SYS_STAT_H 1
| #define HAVE_STDLIB_H 1
| #define HAVE_STRING_H 1
| #define HAVE_MEMORY_H 1
| #define HAVE_STRINGS_H 1
| #define HAVE_INTTYPES_H 1
| #define HAVE_STDINT_H 1
| #define HAVE_UNISTD_H 1
| /* end confdefs.h.  */
| #include <stdio.h>
| #ifdef HAVE_SYS_TYPES_H
| # include <sys/types.h>
| #endif
| #ifdef HAVE_SYS_STAT_H
| # include <sys/stat.h>
| #endif
| #ifdef STDC_HEADERS
| # include <stdlib.h>
| # include <stddef.h>
| #else
| # ifdef HAVE_STDLIB_H
| #  include <stdlib.h>
| # endif
| #endif
| #ifdef HAVE_STRING_H
| # if !defined STDC_HEADERS && defined HAVE_MEMORY_H
| #  include <memory.h>
| # endif
| # include <string.h>
| #endif
| #ifdef HAVE_STRINGS_H
| # include <strings.h>
| #endif
| #ifdef HAVE_INTTYPES_H
| # include <inttypes.h>
| #endif
| #ifdef HAVE_STDINT_H
| # include <stdint.h>
| #endif
| #ifdef HAVE_UNISTD_H
| # include <unistd.h>
| #endif
| int
| main ()
| {
| static int test_array [1 - 2 * !(enum { N = 64 / 2 - 1 };
| 	     0 < (int64_t) (((((int64_t) 1 << N) << N) - 1) * 2 + 1))];
| test_array [0] = 0
| 
|   ;
|   return 0;
| }
configure:5086: gcc -c -O2  conftest.c >&5
conftest.c: In function 'main':
conftest.c:57: error: expected ')' before ';' token
conftest.c:58: error: expected expression before ']' token
configure:5086: $? = 1
configure: failed program was:
| /* confdefs.h */
| #define PACKAGE_NAME "PCRE"
| #define PACKAGE_TARNAME "pcre"
| #define PACKAGE_VERSION "8.10"
| #define PACKAGE_STRING "PCRE 8.10"
| #define PACKAGE_BUGREPORT ""
| #define PACKAGE_URL ""
| #define PACKAGE "pcre"
| #define VERSION "8.10"
| #define STDC_HEADERS 1
| #define HAVE_SYS_TYPES_H 1
| #define HAVE_SYS_STAT_H 1
| #define HAVE_STDLIB_H 1
| #define HAVE_STRING_H 1
| #define HAVE_MEMORY_H 1
| #define HAVE_STRINGS_H 1
| #define HAVE_INTTYPES_H 1
| #define HAVE_STDINT_H 1
| #define HAVE_UNISTD_H 1
| /* end confdefs.h.  */
| #include <stdio.h>
| #ifdef HAVE_SYS_TYPES_H
| # include <sys/types.h>
| #endif
| #ifdef HAVE_SYS_STAT_H
| # include <sys/stat.h>
| #endif
| #ifdef STDC_HEADERS
| # include <stdlib.h>
| # include <stddef.h>
| #else
| # ifdef HAVE_STDLIB_H
| #  include <stdlib.h>
| # endif
| #endif
| #ifdef HAVE_STRING_H
| # if !defined STDC_HEADERS && defined HAVE_MEMORY_H
| #  include <memory.h>
| # endif
| # include <string.h>
| #endif
| #ifdef HAVE_STRINGS_H
| # include <strings.h>
| #endif
| #ifdef HAVE_INTTYPES_H
| # include <inttypes.h>
| #endif
| #ifdef HAVE_STDINT_H
| # include <stdint.h>
| #endif
| #ifdef HAVE_UNISTD_H
| # include <unistd.h>
| #endif
| int
| main ()
| {
| static int test_array [1 - 2 * !(enum { N = 64 / 2 - 1 };
| 	     0 < (int) (((((int) 1 << N) << N) - 1) * 2 + 1))];
| test_array [0] = 0
| 
|   ;
|   return 0;
| }
configure:5086: gcc -c -O2  conftest.c >&5
conftest.c: In function 'main':
conftest.c:57: error: expected ')' before ';' token
conftest.c:58: error: expected expression before ']' token
configure:5086: $? = 1
configure: failed program was:
| /* confdefs.h */
| #define PACKAGE_NAME "PCRE"
| #define PACKAGE_TARNAME "pcre"
| #define PACKAGE_VERSION "8.10"
| #define PACKAGE_STRING "PCRE 8.10"
| #define PACKAGE_BUGREPORT ""
| #define PACKAGE_URL ""
| #define PACKAGE "pcre"
| #define VERSION "8.10"
| #define STDC_HEADERS 1
| #define HAVE_SYS_TYPES_H 1
| #define HAVE_SYS_STAT_H 1
| #define HAVE_STDLIB_H 1
| #define HAVE_STRING_H 1
| #define HAVE_MEMORY_H 1
| #define HAVE_STRINGS_H 1
| #define HAVE_INTTYPES_H 1
| #define HAVE_STDINT_H 1
| #define HAVE_UNISTD_H 1
| /* end confdefs.h.  */
| #include <stdio.h>
| #ifdef HAVE_SYS_TYPES_H
| # include <sys/types.h>
| #endif
| #ifdef HAVE_SYS_STAT_H
| # include <sys/stat.h>
| #endif
| #ifdef STDC_HEADERS
| # include <stdlib.h>
| # include <stddef.h>
| #else
| # ifdef HAVE_STDLIB_H
| #  include <stdlib.h>
| # endif
| #endif
| #ifdef HAVE_STRING_H
| # if !defined STDC_HEADERS && defined HAVE_MEMORY_H
| #  include <memory.h>
| # endif
| # include <string.h>
| #endif
| #ifdef HAVE_STRINGS_H
| # include <strings.h>
| #endif
| #ifdef HAVE_INTTYPES_H
| # include <inttypes.h>
| #endif
| #ifdef HAVE_STDINT_H
| # include <stdint.h>
| #endif
| #ifdef HAVE_UNISTD_H
| # include <unistd.h>
| #endif
| int
| main ()
| {
| static int test_array [1 - 2 * !(enum { N = 64 / 2 - 1 };
| 	     0 < (long int) (((((long int) 1 << N) << N) - 1) * 2 + 1))];
| test_array [0] = 0
| 
|   ;
|   return 0;
| }
configure:5086: gcc -c -O2  conftest.c >&5
conftest.c: In function 'main':
conftest.c:57: error: expected ')' before ';' token
conftest.c:58: error: expected expression before ']' token
configure:5086: $? = 1
configure: failed program was:
| /* confdefs.h */
| #define PACKAGE_NAME "PCRE"
| #define PACKAGE_TARNAME "pcre"
| #define PACKAGE_VERSION "8.10"
| #define PACKAGE_STRING "PCRE 8.10"
| #define PACKAGE_BUGREPORT ""
| #define PACKAGE_URL ""
| #define PACKAGE "pcre"
| #define VERSION "8.10"
| #define STDC_HEADERS 1
| #define HAVE_SYS_TYPES_H 1
| #define HAVE_SYS_STAT_H 1
| #define HAVE_STDLIB_H 1
| #define HAVE_STRING_H 1
| #define HAVE_MEMORY_H 1
| #define HAVE_STRINGS_H 1
| #define HAVE_INTTYPES_H 1
| #define HAVE_STDINT_H 1
| #define HAVE_UNISTD_H 1
| /* end confdefs.h.  */
| #include <stdio.h>
| #ifdef HAVE_SYS_TYPES_H
| # include <sys/types.h>
| #endif
| #ifdef HAVE_SYS_STAT_H
| # include <sys/stat.h>
| #endif
| #ifdef STDC_HEADERS
| # include <stdlib.h>
| # include <stddef.h>
| #else
| # ifdef HAVE_STDLIB_H
| #  include <stdlib.h>
| # endif
| #endif
| #ifdef HAVE_STRING_H
| # if !defined STDC_HEADERS && defined HAVE_MEMORY_H
| #  include <memory.h>
| # endif
| # include <string.h>
| #endif
| #ifdef HAVE_STRINGS_H
| # include <strings.h>
| #endif
| #ifdef HAVE_INTTYPES_H
| # include <inttypes.h>
| #endif
| #ifdef HAVE_STDINT_H
| # include <stdint.h>
| #endif
| #ifdef HAVE_UNISTD_H
| # include <unistd.h>
| #endif
| int
| main ()
| {
| static int test_array [1 - 2 * !(enum { N = 64 / 2 - 1 };
| 	     0 < (long long int) (((((long long int) 1 << N) << N) - 1) * 2 + 1))];
| test_array [0] = 0
| 
|   ;
|   return 0;
| }
configure:5086: gcc -c -O2  conftest.c >&5
conftest.c: In function 'main':
conftest.c:57: error: expected ')' before ';' token
conftest.c:58: error: expected expression before ']' token
configure:5086: $? = 1
configure: failed program was:
| /* confdefs.h */
| #define PACKAGE_NAME "PCRE"
| #define PACKAGE_TARNAME "pcre"
| #define PACKAGE_VERSION "8.10"
| #define PACKAGE_STRING "PCRE 8.10"
| #define PACKAGE_BUGREPORT ""
| #define PACKAGE_URL ""
| #define PACKAGE "pcre"
| #define VERSION "8.10"
| #define STDC_HEADERS 1
| #define HAVE_SYS_TYPES_H 1
| #define HAVE_SYS_STAT_H 1
| #define HAVE_STDLIB_H 1
| #define HAVE_STRING_H 1
| #define HAVE_MEMORY_H 1
| #define HAVE_STRINGS_H 1
| #define HAVE_INTTYPES_H 1
| #define HAVE_STDINT_H 1
| #define HAVE_UNISTD_H 1
| /* end confdefs.h.  */
| #include <stdio.h>
| #ifdef HAVE_SYS_TYPES_H
| # include <sys/types.h>
| #endif
| #ifdef HAVE_SYS_STAT_H
| # include <sys/stat.h>
| #endif
| #ifdef STDC_HEADERS
| # include <stdlib.h>
| # include <stddef.h>
| #else
| # ifdef HAVE_STDLIB_H
| #  include <stdlib.h>
| # endif
| #endif
| #ifdef HAVE_STRING_H
| # if !defined STDC_HEADERS && defined HAVE_MEMORY_H
| #  include <memory.h>
| # endif
| # include <string.h>
| #endif
| #ifdef HAVE_STRINGS_H
| # include <strings.h>
| #endif
| #ifdef HAVE_INTTYPES_H
| # include <inttypes.h>
| #endif
| #ifdef HAVE_STDINT_H
| # include <stdint.h>
| #endif
| #ifdef HAVE_UNISTD_H
| # include <unistd.h>
| #endif
| int
| main ()
| {
| static int test_array [1 - 2 * !(enum { N = 64 / 2 - 1 };
| 	     0 < (short int) (((((short int) 1 << N) << N) - 1) * 2 + 1))];
| test_array [0] = 0
| 
|   ;
|   return 0;
| }
configure:5086: gcc -c -O2  conftest.c >&5
conftest.c: In function 'main':
conftest.c:57: error: expected ')' before ';' token
conftest.c:58: error: expected expression before ']' token
configure:5086: $? = 1
configure: failed program was:
| /* confdefs.h */
| #define PACKAGE_NAME "PCRE"
| #define PACKAGE_TARNAME "pcre"
| #define PACKAGE_VERSION "8.10"
| #define PACKAGE_STRING "PCRE 8.10"
| #define PACKAGE_BUGREPORT ""
| #define PACKAGE_URL ""
| #define PACKAGE "pcre"
| #define VERSION "8.10"
| #define STDC_HEADERS 1
| #define HAVE_SYS_TYPES_H 1
| #define HAVE_SYS_STAT_H 1
| #define HAVE_STDLIB_H 1
| #define HAVE_STRING_H 1
| #define HAVE_MEMORY_H 1
| #define HAVE_STRINGS_H 1
| #define HAVE_INTTYPES_H 1
| #define HAVE_STDINT_H 1
| #define HAVE_UNISTD_H 1
| /* end confdefs.h.  */
| #include <stdio.h>
| #ifdef HAVE_SYS_TYPES_H
| # include <sys/types.h>
| #endif
| #ifdef HAVE_SYS_STAT_H
| # include <sys/stat.h>
| #endif
| #ifdef STDC_HEADERS
| # include <stdlib.h>
| # include <stddef.h>
| #else
| # ifdef HAVE_STDLIB_H
| #  include <stdlib.h>
| # endif
| #endif
| #ifdef HAVE_STRING_H
| # if !defined STDC_HEADERS && defined HAVE_MEMORY_H
| #  include <memory.h>
| # endif
| # include <string.h>
| #endif
| #ifdef HAVE_STRINGS_H
| # include <strings.h>
| #endif
| #ifdef HAVE_INTTYPES_H
| # include <inttypes.h>
| #endif
| #ifdef HAVE_STDINT_H
| # include <stdint.h>
| #endif
| #ifdef HAVE_UNISTD_H
| # include <unistd.h>
| #endif
| int
| main ()
| {
| static int test_array [1 - 2 * !(enum { N = 64 / 2 - 1 };
| 	     0 < (signed char) (((((signed char) 1 << N) << N) - 1) * 2 + 1))];
| test_array [0] = 0
| 
|   ;
|   return 0;
| }
configure:5086: result: no
configure:5103: checking build system type
configure:5117: result: i686-pc-mingw32
configure:5137: checking host system type
configure:5150: result: i686-pc-mingw32
configure:5217: checking for as
configure:5233: found /c/strawberry/c/bin/as
configure:5244: result: as
configure:5309: checking for dlltool
configure:5325: found /c/strawberry/c/bin/dlltool
configure:5336: result: dlltool
configure:5401: checking for objdump
configure:5417: found /c/strawberry/c/bin/objdump
configure:5428: result: objdump
configure:5498: checking for a sed that does not truncate output
configure:5562: result: /bin/sed
configure:5580: checking for fgrep
configure:5642: result: /bin/grep -F
configure:5677: checking for ld used by gcc
configure:5744: result: c:/strawberry/c/i686-w64-mingw32/bin/ld.exe
configure:5751: checking if the linker (c:/strawberry/c/i686-w64-mingw32/bin/ld.exe) is GNU ld
configure:5766: result: yes
configure:5778: checking for BSD- or MS-compatible name lister (nm)
configure:5827: result: /c/strawberry/c/bin/nm
configure:5945: checking the name lister (/c/strawberry/c/bin/nm) interface
configure:5952: gcc -c -O2  conftest.c >&5
configure:5955: /c/strawberry/c/bin/nm "conftest.o"
configure:5958: output
00000000 b .bss
00000000 d .data
00000000 t .text
00000000 B _some_variable
configure:5965: result: BSD nm
configure:5968: checking whether ln -s works
configure:5975: result: no, using cp -p
configure:5980: checking the maximum length of command line arguments
configure:6100: result: 8192
configure:6117: checking whether the shell understands some XSI constructs
configure:6127: result: yes
configure:6131: checking whether the shell understands "+="
configure:6137: result: yes
configure:6172: checking for c:/strawberry/c/i686-w64-mingw32/bin/ld.exe option to reload object files
configure:6179: result: -r
configure:6248: checking for objdump
configure:6275: result: objdump
configure:6304: checking how to recognize dependent libraries
configure:6500: result: file_magic file format pei*-i386(.*architecture: i386)?
configure:6560: checking for ar
configure:6576: found /c/strawberry/c/bin/ar
configure:6587: result: ar
configure:6665: checking for strip
configure:6681: found /c/strawberry/c/bin/strip
configure:6692: result: strip
configure:6764: checking for ranlib
configure:6780: found /c/strawberry/c/bin/ranlib
configure:6791: result: ranlib
configure:6881: checking command to parse /c/strawberry/c/bin/nm output from gcc object
configure:6999: gcc -c -O2  conftest.c >&5
configure:7002: $? = 0
configure:7006: /c/strawberry/c/bin/nm conftest.o \| sed -n -e 's/^.*[	 ]\([ABCDGIRSTW][ABCDGIRSTW]*\)[	 ][	 ]*\([_A-Za-z][_A-Za-z0-9]*\)\{0,1\}$/\1 \2 \2/p' \> conftest.nm
configure:7009: $? = 0
cannot find nm_test_var in conftest.nm
configure:6999: gcc -c -O2  conftest.c >&5
configure:7002: $? = 0
configure:7006: /c/strawberry/c/bin/nm conftest.o \| sed -n -e 's/^.*[	 ]\([ABCDGIRSTW][ABCDGIRSTW]*\)[	 ][	 ]*_\([_A-Za-z][_A-Za-z0-9]*\)\{0,1\}$/\1 _\2 \2/p' \> conftest.nm
configure:7009: $? = 0
configure:7063: gcc -o conftest.exe -O2   conftest.c conftstm.o >&5
configure:7066: $? = 0
configure:7104: result: ok
configure:7909: checking for dlfcn.h
configure:7909: gcc -c -O2  conftest.c >&5
configure:7909: $? = 0
configure:7909: result: yes
configure:8034: checking for C++ compiler version
configure:8043: g++ --version >&5
g++.exe (GCC) 4.4.3
Copyright (C) 2010 Free Software Foundation, Inc.
This is free software; see the source for copying conditions.  There is NO
warranty; not even for MERCHANTABILITY or FITNESS FOR A PARTICULAR PURPOSE.

configure:8054: $? = 0
configure:8043: g++ -v >&5
Using built-in specs.
Target: i686-w64-mingw32
Configured with: ../gcc44-svn/configure --target=i686-w64-mingw32 --host=i686-w64-mingw32 --disable-multilib --disable-nls --disable-win32-registry --prefix=/mingw32 --with-gmp=/mingw32 --with-mpfr=/mingw32 --enable-languages=c,c++
Thread model: win32
gcc version 4.4.3 (GCC) 
configure:8054: $? = 0
configure:8043: g++ -V >&5
g++.exe: '-V' option must have argument
configure:8054: $? = 1
configure:8043: g++ -qversion >&5
g++.exe: unrecognized option '-qversion'
g++.exe: no input files
configure:8054: $? = 1
configure:8058: checking whether we are using the GNU C++ compiler
configure:8086: result: yes
configure:8095: checking whether g++ accepts -g
configure:8156: result: yes
configure:8181: checking dependency style of g++
configure:8291: result: none
configure:8314: checking how to run the C++ preprocessor
configure:8341: g++ -E  conftest.cpp
configure:8341: $? = 0
configure:8355: g++ -E  conftest.cpp
conftest.cpp:22:28: error: ac_nonexistent.h: No such file or directory
configure:8355: $? = 1
configure: failed program was:
| /* confdefs.h */
| #define PACKAGE_NAME "PCRE"
| #define PACKAGE_TARNAME "pcre"
| #define PACKAGE_VERSION "8.10"
| #define PACKAGE_STRING "PCRE 8.10"
| #define PACKAGE_BUGREPORT ""
| #define PACKAGE_URL ""
| #define PACKAGE "pcre"
| #define VERSION "8.10"
| #define STDC_HEADERS 1
| #define HAVE_SYS_TYPES_H 1
| #define HAVE_SYS_STAT_H 1
| #define HAVE_STDLIB_H 1
| #define HAVE_STRING_H 1
| #define HAVE_MEMORY_H 1
| #define HAVE_STRINGS_H 1
| #define HAVE_INTTYPES_H 1
| #define HAVE_STDINT_H 1
| #define HAVE_UNISTD_H 1
| #define HAVE_DLFCN_H 1
| /* end confdefs.h.  */
| #include <ac_nonexistent.h>
configure:8380: result: g++ -E
configure:8400: g++ -E  conftest.cpp
configure:8400: $? = 0
configure:8414: g++ -E  conftest.cpp
conftest.cpp:22:28: error: ac_nonexistent.h: No such file or directory
configure:8414: $? = 1
configure: failed program was:
| /* confdefs.h */
| #define PACKAGE_NAME "PCRE"
| #define PACKAGE_TARNAME "pcre"
| #define PACKAGE_VERSION "8.10"
| #define PACKAGE_STRING "PCRE 8.10"
| #define PACKAGE_BUGREPORT ""
| #define PACKAGE_URL ""
| #define PACKAGE "pcre"
| #define VERSION "8.10"
| #define STDC_HEADERS 1
| #define HAVE_SYS_TYPES_H 1
| #define HAVE_SYS_STAT_H 1
| #define HAVE_STDLIB_H 1
| #define HAVE_STRING_H 1
| #define HAVE_MEMORY_H 1
| #define HAVE_STRINGS_H 1
| #define HAVE_INTTYPES_H 1
| #define HAVE_STDINT_H 1
| #define HAVE_UNISTD_H 1
| #define HAVE_DLFCN_H 1
| /* end confdefs.h.  */
| #include <ac_nonexistent.h>
configure:8617: checking for objdir
configure:8632: result: .libs
configure:8924: checking if gcc supports -fno-rtti -fno-exceptions
configure:8942: gcc -c -O2  -fno-rtti -fno-exceptions conftest.c >&5
cc1.exe: warning: command line option "-fno-rtti" is valid for C++/ObjC++ but not for C
configure:8946: $? = 0
configure:8959: result: no
configure:8979: checking for gcc option to produce PIC
configure:9251: result: -DDLL_EXPORT -DPIC
configure:9263: checking if gcc PIC flag -DDLL_EXPORT -DPIC works
configure:9281: gcc -c -O2  -DDLL_EXPORT -DPIC -DPIC conftest.c >&5
configure:9285: $? = 0
configure:9298: result: yes
configure:9322: checking if gcc static flag -static works
configure:9350: result: yes
configure:9365: checking if gcc supports -c -o file.o
configure:9386: gcc -c -O2  -o out/conftest2.o conftest.c >&5
configure:9390: $? = 0
configure:9412: result: yes
configure:9420: checking if gcc supports -c -o file.o
configure:9467: result: yes
configure:9500: checking whether the gcc linker (c:/strawberry/c/i686-w64-mingw32/bin/ld.exe) supports shared libraries
configure:10486: result: yes
configure:10523: checking whether -lc should be explicitly linked in
configure:10528: gcc -c -O2  conftest.c >&5
configure:10531: $? = 0
configure:10546: gcc -shared conftest.o  -v -o ./conftest -Wl,--enable-auto-image-base -Xlinker --out-implib -Xlinker conftest 2\>\&1 \| /bin/grep  -lc  \>/dev/null 2\>\&1
configure:10549: $? = 1
configure:10561: result: yes
configure:10725: checking dynamic linker characteristics
configure:11389: result: Win32 ld.exe
configure:11491: checking how to hardcode library paths into programs
configure:11516: result: immediate
configure:12036: checking whether stripping libraries is possible
configure:12041: result: yes
configure:12076: checking if libtool supports shared libraries
configure:12078: result: yes
configure:12081: checking whether to build shared libraries
configure:12102: result: yes
configure:12105: checking whether to build static libraries
configure:12109: result: yes
configure:12259: checking for ld used by g++
configure:12326: result: c:/strawberry/c/i686-w64-mingw32/bin/ld.exe
configure:12333: checking if the linker (c:/strawberry/c/i686-w64-mingw32/bin/ld.exe) is GNU ld
configure:12348: result: yes
configure:12403: checking whether the g++ linker (c:/strawberry/c/i686-w64-mingw32/bin/ld.exe) supports shared libraries
configure:13316: result: yes
configure:13344: g++ -c -O2  conftest.cpp >&5
configure:13347: $? = 0
configure:13529: checking for g++ option to produce PIC
configure:13846: result: -DDLL_EXPORT -DPIC
configure:13855: checking if g++ PIC flag -DDLL_EXPORT -DPIC works
configure:13873: g++ -c -O2  -DDLL_EXPORT -DPIC -DPIC conftest.cpp >&5
configure:13877: $? = 0
configure:13890: result: yes
configure:13911: checking if g++ static flag -static works
configure:13939: result: yes
configure:13951: checking if g++ supports -c -o file.o
configure:13972: g++ -c -O2  -o out/conftest2.o conftest.cpp >&5
configure:13976: $? = 0
configure:13998: result: yes
configure:14003: checking if g++ supports -c -o file.o
configure:14050: result: yes
configure:14080: checking whether the g++ linker (c:/strawberry/c/i686-w64-mingw32/bin/ld.exe) supports shared libraries
configure:14106: result: yes
configure:14243: checking dynamic linker characteristics
configure:14855: result: Win32 ld.exe
configure:14906: checking how to hardcode library paths into programs
configure:14931: result: immediate
configure:14989: checking whether ln -s works
configure:14996: result: no, using cp -p
configure:15250: checking for ANSI C header files
configure:15354: result: yes
configure:15365: checking limits.h usability
configure:15365: gcc -c -O2  conftest.c >&5
configure:15365: $? = 0
configure:15365: result: yes
configure:15365: checking limits.h presence
configure:15365: gcc -E  conftest.c
configure:15365: $? = 0
configure:15365: result: yes
configure:15365: checking for limits.h
configure:15365: result: yes
configure:15365: checking for sys/types.h
configure:15365: result: yes
configure:15365: checking for sys/stat.h
configure:15365: result: yes
configure:15365: checking dirent.h usability
configure:15365: gcc -c -O2  conftest.c >&5
configure:15365: $? = 0
configure:15365: result: yes
configure:15365: checking dirent.h presence
configure:15365: gcc -E  conftest.c
configure:15365: $? = 0
configure:15365: result: yes
configure:15365: checking for dirent.h
configure:15365: result: yes
configure:15365: checking windows.h usability
configure:15365: gcc -c -O2  conftest.c >&5
configure:15365: $? = 0
configure:15365: result: yes
configure:15365: checking windows.h presence
configure:15365: gcc -E  conftest.c
configure:15365: $? = 0
configure:15365: result: yes
configure:15365: checking for windows.h
configure:15365: result: yes
configure:15397: checking for alias support in the linker
configure:15416: g++ -o conftest.exe -O2   -Wl,-alias,__ZN7pcrecpp2RE6no_argE,__ZN7pcrecpp6no_argE conftest.cpp  >&5
c:/strawberry/c/bin/../lib/gcc/i686-w64-mingw32/4.4.3/../../../../i686-w64-mingw32/bin/ld.exe: unrecognized -a option `lias'
collect2: ld returned 1 exit status
configure:15416: $? = 1
configure: failed program was:
| /* confdefs.h */
| #define PACKAGE_NAME "PCRE"
| #define PACKAGE_TARNAME "pcre"
| #define PACKAGE_VERSION "8.10"
| #define PACKAGE_STRING "PCRE 8.10"
| #define PACKAGE_BUGREPORT ""
| #define PACKAGE_URL ""
| #define PACKAGE "pcre"
| #define VERSION "8.10"
| #define STDC_HEADERS 1
| #define HAVE_SYS_TYPES_H 1
| #define HAVE_SYS_STAT_H 1
| #define HAVE_STDLIB_H 1
| #define HAVE_STRING_H 1
| #define HAVE_MEMORY_H 1
| #define HAVE_STRINGS_H 1
| #define HAVE_INTTYPES_H 1
| #define HAVE_STDINT_H 1
| #define HAVE_UNISTD_H 1
| #define HAVE_DLFCN_H 1
| #define LT_OBJDIR ".libs/"
| #define STDC_HEADERS 1
| #define HAVE_LIMITS_H 1
| #define HAVE_SYS_TYPES_H 1
| #define HAVE_SYS_STAT_H 1
| #define HAVE_DIRENT_H 1
| #define HAVE_WINDOWS_H 1
| /* end confdefs.h.  */
| namespace pcrecpp {
|                                     class RE { static int no_arg; };
|                                     int RE::no_arg;
|                                   }
| int
| main ()
| {
| 
|   ;
|   return 0;
| }
configure:15422: result: no
configure:15397: checking for alias support in the linker
configure:15416: g++ -o conftest.exe -O2   -Wl,-i__ZN7pcrecpp6no_argE:__ZN7pcrecpp2RE6no_argE conftest.cpp  >&5
c:/strawberry/c/bin/../lib/gcc/i686-w64-mingw32/4.4.3/../../../../i686-w64-mingw32/bin/ld.exe: bad -rpath option
collect2: ld returned 1 exit status
configure:15416: $? = 1
configure: failed program was:
| /* confdefs.h */
| #define PACKAGE_NAME "PCRE"
| #define PACKAGE_TARNAME "pcre"
| #define PACKAGE_VERSION "8.10"
| #define PACKAGE_STRING "PCRE 8.10"
| #define PACKAGE_BUGREPORT ""
| #define PACKAGE_URL ""
| #define PACKAGE "pcre"
| #define VERSION "8.10"
| #define STDC_HEADERS 1
| #define HAVE_SYS_TYPES_H 1
| #define HAVE_SYS_STAT_H 1
| #define HAVE_STDLIB_H 1
| #define HAVE_STRING_H 1
| #define HAVE_MEMORY_H 1
| #define HAVE_STRINGS_H 1
| #define HAVE_INTTYPES_H 1
| #define HAVE_STDINT_H 1
| #define HAVE_UNISTD_H 1
| #define HAVE_DLFCN_H 1
| #define LT_OBJDIR ".libs/"
| #define STDC_HEADERS 1
| #define HAVE_LIMITS_H 1
| #define HAVE_SYS_TYPES_H 1
| #define HAVE_SYS_STAT_H 1
| #define HAVE_DIRENT_H 1
| #define HAVE_WINDOWS_H 1
| /* end confdefs.h.  */
| namespace pcrecpp {
|                                     class RE { static int no_arg; };
|                                     int RE::no_arg;
|                                   }
| int
| main ()
| {
| 
|   ;
|   return 0;
| }
configure:15422: result: no
configure:15436: checking string usability
configure:15436: g++ -c -O2  conftest.cpp >&5
configure:15436: $? = 0
configure:15436: result: yes
configure:15436: checking string presence
configure:15436: g++ -E  conftest.cpp
configure:15436: $? = 0
configure:15436: result: yes
configure:15436: checking for string
configure:15436: result: yes
configure:15450: checking bits/type_traits.h usability
configure:15450: g++ -c -O2  conftest.cpp >&5
conftest.cpp:63:30: error: bits/type_traits.h: No such file or directory
configure:15450: $? = 1
configure: failed program was:
| /* confdefs.h */
| #define PACKAGE_NAME "PCRE"
| #define PACKAGE_TARNAME "pcre"
| #define PACKAGE_VERSION "8.10"
| #define PACKAGE_STRING "PCRE 8.10"
| #define PACKAGE_BUGREPORT ""
| #define PACKAGE_URL ""
| #define PACKAGE "pcre"
| #define VERSION "8.10"
| #define STDC_HEADERS 1
| #define HAVE_SYS_TYPES_H 1
| #define HAVE_SYS_STAT_H 1
| #define HAVE_STDLIB_H 1
| #define HAVE_STRING_H 1
| #define HAVE_MEMORY_H 1
| #define HAVE_STRINGS_H 1
| #define HAVE_INTTYPES_H 1
| #define HAVE_STDINT_H 1
| #define HAVE_UNISTD_H 1
| #define HAVE_DLFCN_H 1
| #define LT_OBJDIR ".libs/"
| #define STDC_HEADERS 1
| #define HAVE_LIMITS_H 1
| #define HAVE_SYS_TYPES_H 1
| #define HAVE_SYS_STAT_H 1
| #define HAVE_DIRENT_H 1
| #define HAVE_WINDOWS_H 1
| #define HAVE_STRING 1
| /* end confdefs.h.  */
| #include <stdio.h>
| #ifdef HAVE_SYS_TYPES_H
| # include <sys/types.h>
| #endif
| #ifdef HAVE_SYS_STAT_H
| # include <sys/stat.h>
| #endif
| #ifdef STDC_HEADERS
| # include <stdlib.h>
| # include <stddef.h>
| #else
| # ifdef HAVE_STDLIB_H
| #  include <stdlib.h>
| # endif
| #endif
| #ifdef HAVE_STRING_H
| # if !defined STDC_HEADERS && defined HAVE_MEMORY_H
| #  include <memory.h>
| # endif
| # include <string.h>
| #endif
| #ifdef HAVE_STRINGS_H
| # include <strings.h>
| #endif
| #ifdef HAVE_INTTYPES_H
| # include <inttypes.h>
| #endif
| #ifdef HAVE_STDINT_H
| # include <stdint.h>
| #endif
| #ifdef HAVE_UNISTD_H
| # include <unistd.h>
| #endif
| #include <bits/type_traits.h>
configure:15450: result: no
configure:15450: checking bits/type_traits.h presence
configure:15450: g++ -E  conftest.cpp
conftest.cpp:30:30: error: bits/type_traits.h: No such file or directory
configure:15450: $? = 1
configure: failed program was:
| /* confdefs.h */
| #define PACKAGE_NAME "PCRE"
| #define PACKAGE_TARNAME "pcre"
| #define PACKAGE_VERSION "8.10"
| #define PACKAGE_STRING "PCRE 8.10"
| #define PACKAGE_BUGREPORT ""
| #define PACKAGE_URL ""
| #define PACKAGE "pcre"
| #define VERSION "8.10"
| #define STDC_HEADERS 1
| #define HAVE_SYS_TYPES_H 1
| #define HAVE_SYS_STAT_H 1
| #define HAVE_STDLIB_H 1
| #define HAVE_STRING_H 1
| #define HAVE_MEMORY_H 1
| #define HAVE_STRINGS_H 1
| #define HAVE_INTTYPES_H 1
| #define HAVE_STDINT_H 1
| #define HAVE_UNISTD_H 1
| #define HAVE_DLFCN_H 1
| #define LT_OBJDIR ".libs/"
| #define STDC_HEADERS 1
| #define HAVE_LIMITS_H 1
| #define HAVE_SYS_TYPES_H 1
| #define HAVE_SYS_STAT_H 1
| #define HAVE_DIRENT_H 1
| #define HAVE_WINDOWS_H 1
| #define HAVE_STRING 1
| /* end confdefs.h.  */
| #include <bits/type_traits.h>
configure:15450: result: no
configure:15450: checking for bits/type_traits.h
configure:15450: result: no
configure:15464: checking type_traits.h usability
configure:15464: g++ -c -O2  conftest.cpp >&5
conftest.cpp:63:25: error: type_traits.h: No such file or directory
configure:15464: $? = 1
configure: failed program was:
| /* confdefs.h */
| #define PACKAGE_NAME "PCRE"
| #define PACKAGE_TARNAME "pcre"
| #define PACKAGE_VERSION "8.10"
| #define PACKAGE_STRING "PCRE 8.10"
| #define PACKAGE_BUGREPORT ""
| #define PACKAGE_URL ""
| #define PACKAGE "pcre"
| #define VERSION "8.10"
| #define STDC_HEADERS 1
| #define HAVE_SYS_TYPES_H 1
| #define HAVE_SYS_STAT_H 1
| #define HAVE_STDLIB_H 1
| #define HAVE_STRING_H 1
| #define HAVE_MEMORY_H 1
| #define HAVE_STRINGS_H 1
| #define HAVE_INTTYPES_H 1
| #define HAVE_STDINT_H 1
| #define HAVE_UNISTD_H 1
| #define HAVE_DLFCN_H 1
| #define LT_OBJDIR ".libs/"
| #define STDC_HEADERS 1
| #define HAVE_LIMITS_H 1
| #define HAVE_SYS_TYPES_H 1
| #define HAVE_SYS_STAT_H 1
| #define HAVE_DIRENT_H 1
| #define HAVE_WINDOWS_H 1
| #define HAVE_STRING 1
| /* end confdefs.h.  */
| #include <stdio.h>
| #ifdef HAVE_SYS_TYPES_H
| # include <sys/types.h>
| #endif
| #ifdef HAVE_SYS_STAT_H
| # include <sys/stat.h>
| #endif
| #ifdef STDC_HEADERS
| # include <stdlib.h>
| # include <stddef.h>
| #else
| # ifdef HAVE_STDLIB_H
| #  include <stdlib.h>
| # endif
| #endif
| #ifdef HAVE_STRING_H
| # if !defined STDC_HEADERS && defined HAVE_MEMORY_H
| #  include <memory.h>
| # endif
| # include <string.h>
| #endif
| #ifdef HAVE_STRINGS_H
| # include <strings.h>
| #endif
| #ifdef HAVE_INTTYPES_H
| # include <inttypes.h>
| #endif
| #ifdef HAVE_STDINT_H
| # include <stdint.h>
| #endif
| #ifdef HAVE_UNISTD_H
| # include <unistd.h>
| #endif
| #include <type_traits.h>
configure:15464: result: no
configure:15464: checking type_traits.h presence
configure:15464: g++ -E  conftest.cpp
conftest.cpp:30:25: error: type_traits.h: No such file or directory
configure:15464: $? = 1
configure: failed program was:
| /* confdefs.h */
| #define PACKAGE_NAME "PCRE"
| #define PACKAGE_TARNAME "pcre"
| #define PACKAGE_VERSION "8.10"
| #define PACKAGE_STRING "PCRE 8.10"
| #define PACKAGE_BUGREPORT ""
| #define PACKAGE_URL ""
| #define PACKAGE "pcre"
| #define VERSION "8.10"
| #define STDC_HEADERS 1
| #define HAVE_SYS_TYPES_H 1
| #define HAVE_SYS_STAT_H 1
| #define HAVE_STDLIB_H 1
| #define HAVE_STRING_H 1
| #define HAVE_MEMORY_H 1
| #define HAVE_STRINGS_H 1
| #define HAVE_INTTYPES_H 1
| #define HAVE_STDINT_H 1
| #define HAVE_UNISTD_H 1
| #define HAVE_DLFCN_H 1
| #define LT_OBJDIR ".libs/"
| #define STDC_HEADERS 1
| #define HAVE_LIMITS_H 1
| #define HAVE_SYS_TYPES_H 1
| #define HAVE_SYS_STAT_H 1
| #define HAVE_DIRENT_H 1
| #define HAVE_WINDOWS_H 1
| #define HAVE_STRING 1
| /* end confdefs.h.  */
| #include <type_traits.h>
configure:15464: result: no
configure:15464: checking for type_traits.h
configure:15464: result: no
configure:15490: checking for strtoq
configure:15508: g++ -c -O2  conftest.cpp >&5
conftest.cpp: In function 'int main()':
conftest.cpp:34: error: 'strtoq' was not declared in this scope
configure:15508: $? = 1
configure: failed program was:
| /* confdefs.h */
| #define PACKAGE_NAME "PCRE"
| #define PACKAGE_TARNAME "pcre"
| #define PACKAGE_VERSION "8.10"
| #define PACKAGE_STRING "PCRE 8.10"
| #define PACKAGE_BUGREPORT ""
| #define PACKAGE_URL ""
| #define PACKAGE "pcre"
| #define VERSION "8.10"
| #define STDC_HEADERS 1
| #define HAVE_SYS_TYPES_H 1
| #define HAVE_SYS_STAT_H 1
| #define HAVE_STDLIB_H 1
| #define HAVE_STRING_H 1
| #define HAVE_MEMORY_H 1
| #define HAVE_STRINGS_H 1
| #define HAVE_INTTYPES_H 1
| #define HAVE_STDINT_H 1
| #define HAVE_UNISTD_H 1
| #define HAVE_DLFCN_H 1
| #define LT_OBJDIR ".libs/"
| #define STDC_HEADERS 1
| #define HAVE_LIMITS_H 1
| #define HAVE_SYS_TYPES_H 1
| #define HAVE_SYS_STAT_H 1
| #define HAVE_DIRENT_H 1
| #define HAVE_WINDOWS_H 1
| #define HAVE_STRING 1
| /* end confdefs.h.  */
| #include <stdlib.h>
| int
| main ()
| {
| char* e; return strtoq("100", &e, 10)
|   ;
|   return 0;
| }
configure:15519: result: no
configure:15490: checking for strtoll
configure:15508: g++ -c -O2  conftest.cpp >&5
configure:15508: $? = 0
configure:15509: result: yes
configure:15526: checking for long long
configure:15526: g++ -c -O2  conftest.cpp >&5
configure:15526: $? = 0
configure:15526: g++ -c -O2  conftest.cpp >&5
conftest.cpp: In function 'int main()':
conftest.cpp:67: error: expected primary-expression before 'long'
conftest.cpp:67: error: expected ')' before 'long'
conftest.cpp:68: error: expected ')' before ';' token
conftest.cpp:68: error: expected ')' before ';' token
configure:15526: $? = 1
configure: failed program was:
| /* confdefs.h */
| #define PACKAGE_NAME "PCRE"
| #define PACKAGE_TARNAME "pcre"
| #define PACKAGE_VERSION "8.10"
| #define PACKAGE_STRING "PCRE 8.10"
| #define PACKAGE_BUGREPORT ""
| #define PACKAGE_URL ""
| #define PACKAGE "pcre"
| #define VERSION "8.10"
| #define STDC_HEADERS 1
| #define HAVE_SYS_TYPES_H 1
| #define HAVE_SYS_STAT_H 1
| #define HAVE_STDLIB_H 1
| #define HAVE_STRING_H 1
| #define HAVE_MEMORY_H 1
| #define HAVE_STRINGS_H 1
| #define HAVE_INTTYPES_H 1
| #define HAVE_STDINT_H 1
| #define HAVE_UNISTD_H 1
| #define HAVE_DLFCN_H 1
| #define LT_OBJDIR ".libs/"
| #define STDC_HEADERS 1
| #define HAVE_LIMITS_H 1
| #define HAVE_SYS_TYPES_H 1
| #define HAVE_SYS_STAT_H 1
| #define HAVE_DIRENT_H 1
| #define HAVE_WINDOWS_H 1
| #define HAVE_STRING 1
| #define HAVE_STRTOLL 1
| /* end confdefs.h.  */
| #include <stdio.h>
| #ifdef HAVE_SYS_TYPES_H
| # include <sys/types.h>
| #endif
| #ifdef HAVE_SYS_STAT_H
| # include <sys/stat.h>
| #endif
| #ifdef STDC_HEADERS
| # include <stdlib.h>
| # include <stddef.h>
| #else
| # ifdef HAVE_STDLIB_H
| #  include <stdlib.h>
| # endif
| #endif
| #ifdef HAVE_STRING_H
| # if !defined STDC_HEADERS && defined HAVE_MEMORY_H
| #  include <memory.h>
| # endif
| # include <string.h>
| #endif
| #ifdef HAVE_STRINGS_H
| # include <strings.h>
| #endif
| #ifdef HAVE_INTTYPES_H
| # include <inttypes.h>
| #endif
| #ifdef HAVE_STDINT_H
| # include <stdint.h>
| #endif
| #ifdef HAVE_UNISTD_H
| # include <unistd.h>
| #endif
| int
| main ()
| {
| if (sizeof ((long long)))
| 	    return 0;
|   ;
|   return 0;
| }
configure:15526: result: yes
configure:15538: checking for unsigned long long
configure:15538: g++ -c -O2  conftest.cpp >&5
configure:15538: $? = 0
configure:15538: g++ -c -O2  conftest.cpp >&5
conftest.cpp: In function 'int main()':
conftest.cpp:68: error: expected primary-expression before 'unsigned'
conftest.cpp:68: error: expected ')' before 'unsigned'
conftest.cpp:69: error: expected ')' before ';' token
conftest.cpp:69: error: expected ')' before ';' token
configure:15538: $? = 1
configure: failed program was:
| /* confdefs.h */
| #define PACKAGE_NAME "PCRE"
| #define PACKAGE_TARNAME "pcre"
| #define PACKAGE_VERSION "8.10"
| #define PACKAGE_STRING "PCRE 8.10"
| #define PACKAGE_BUGREPORT ""
| #define PACKAGE_URL ""
| #define PACKAGE "pcre"
| #define VERSION "8.10"
| #define STDC_HEADERS 1
| #define HAVE_SYS_TYPES_H 1
| #define HAVE_SYS_STAT_H 1
| #define HAVE_STDLIB_H 1
| #define HAVE_STRING_H 1
| #define HAVE_MEMORY_H 1
| #define HAVE_STRINGS_H 1
| #define HAVE_INTTYPES_H 1
| #define HAVE_STDINT_H 1
| #define HAVE_UNISTD_H 1
| #define HAVE_DLFCN_H 1
| #define LT_OBJDIR ".libs/"
| #define STDC_HEADERS 1
| #define HAVE_LIMITS_H 1
| #define HAVE_SYS_TYPES_H 1
| #define HAVE_SYS_STAT_H 1
| #define HAVE_DIRENT_H 1
| #define HAVE_WINDOWS_H 1
| #define HAVE_STRING 1
| #define HAVE_STRTOLL 1
| #define HAVE_LONG_LONG 1
| /* end confdefs.h.  */
| #include <stdio.h>
| #ifdef HAVE_SYS_TYPES_H
| # include <sys/types.h>
| #endif
| #ifdef HAVE_SYS_STAT_H
| # include <sys/stat.h>
| #endif
| #ifdef STDC_HEADERS
| # include <stdlib.h>
| # include <stddef.h>
| #else
| # ifdef HAVE_STDLIB_H
| #  include <stdlib.h>
| # endif
| #endif
| #ifdef HAVE_STRING_H
| # if !defined STDC_HEADERS && defined HAVE_MEMORY_H
| #  include <memory.h>
| # endif
| # include <string.h>
| #endif
| #ifdef HAVE_STRINGS_H
| # include <strings.h>
| #endif
| #ifdef HAVE_INTTYPES_H
| # include <inttypes.h>
| #endif
| #ifdef HAVE_STDINT_H
| # include <stdint.h>
| #endif
| #ifdef HAVE_UNISTD_H
| # include <unistd.h>
| #endif
| int
| main ()
| {
| if (sizeof ((unsigned long long)))
| 	    return 0;
|   ;
|   return 0;
| }
configure:15538: result: yes
configure:15588: checking for an ANSI C-conforming const
configure:15653: gcc -c -O2  conftest.c >&5
configure:15653: $? = 0
configure:15660: result: yes
configure:15668: checking for size_t
configure:15668: gcc -c -O2  conftest.c >&5
configure:15668: $? = 0
configure:15668: gcc -c -O2  conftest.c >&5
conftest.c: In function 'main':
conftest.c:69: error: expected expression before ')' token
configure:15668: $? = 1
configure: failed program was:
| /* confdefs.h */
| #define PACKAGE_NAME "PCRE"
| #define PACKAGE_TARNAME "pcre"
| #define PACKAGE_VERSION "8.10"
| #define PACKAGE_STRING "PCRE 8.10"
| #define PACKAGE_BUGREPORT ""
| #define PACKAGE_URL ""
| #define PACKAGE "pcre"
| #define VERSION "8.10"
| #define STDC_HEADERS 1
| #define HAVE_SYS_TYPES_H 1
| #define HAVE_SYS_STAT_H 1
| #define HAVE_STDLIB_H 1
| #define HAVE_STRING_H 1
| #define HAVE_MEMORY_H 1
| #define HAVE_STRINGS_H 1
| #define HAVE_INTTYPES_H 1
| #define HAVE_STDINT_H 1
| #define HAVE_UNISTD_H 1
| #define HAVE_DLFCN_H 1
| #define LT_OBJDIR ".libs/"
| #define STDC_HEADERS 1
| #define HAVE_LIMITS_H 1
| #define HAVE_SYS_TYPES_H 1
| #define HAVE_SYS_STAT_H 1
| #define HAVE_DIRENT_H 1
| #define HAVE_WINDOWS_H 1
| #define HAVE_STRING 1
| #define HAVE_STRTOLL 1
| #define HAVE_LONG_LONG 1
| #define HAVE_UNSIGNED_LONG_LONG 1
| /* end confdefs.h.  */
| #include <stdio.h>
| #ifdef HAVE_SYS_TYPES_H
| # include <sys/types.h>
| #endif
| #ifdef HAVE_SYS_STAT_H
| # include <sys/stat.h>
| #endif
| #ifdef STDC_HEADERS
| # include <stdlib.h>
| # include <stddef.h>
| #else
| # ifdef HAVE_STDLIB_H
| #  include <stdlib.h>
| # endif
| #endif
| #ifdef HAVE_STRING_H
| # if !defined STDC_HEADERS && defined HAVE_MEMORY_H
| #  include <memory.h>
| # endif
| # include <string.h>
| #endif
| #ifdef HAVE_STRINGS_H
| # include <strings.h>
| #endif
| #ifdef HAVE_INTTYPES_H
| # include <inttypes.h>
| #endif
| #ifdef HAVE_STDINT_H
| # include <stdint.h>
| #endif
| #ifdef HAVE_UNISTD_H
| # include <unistd.h>
| #endif
| int
| main ()
| {
| if (sizeof ((size_t)))
| 	    return 0;
|   ;
|   return 0;
| }
configure:15668: result: yes
configure:15685: checking for bcopy
configure:15685: gcc -o conftest.exe -O2   conftest.c  >&5
conftest.c:56: warning: conflicting types for built-in function 'bcopy'
C:\Users\andyb\AppData\Local\Temp\cc8vYcQG.o:conftest.c:(.text+0xc): undefined reference to `bcopy'
collect2: ld returned 1 exit status
configure:15685: $? = 1
configure: failed program was:
| /* confdefs.h */
| #define PACKAGE_NAME "PCRE"
| #define PACKAGE_TARNAME "pcre"
| #define PACKAGE_VERSION "8.10"
| #define PACKAGE_STRING "PCRE 8.10"
| #define PACKAGE_BUGREPORT ""
| #define PACKAGE_URL ""
| #define PACKAGE "pcre"
| #define VERSION "8.10"
| #define STDC_HEADERS 1
| #define HAVE_SYS_TYPES_H 1
| #define HAVE_SYS_STAT_H 1
| #define HAVE_STDLIB_H 1
| #define HAVE_STRING_H 1
| #define HAVE_MEMORY_H 1
| #define HAVE_STRINGS_H 1
| #define HAVE_INTTYPES_H 1
| #define HAVE_STDINT_H 1
| #define HAVE_UNISTD_H 1
| #define HAVE_DLFCN_H 1
| #define LT_OBJDIR ".libs/"
| #define STDC_HEADERS 1
| #define HAVE_LIMITS_H 1
| #define HAVE_SYS_TYPES_H 1
| #define HAVE_SYS_STAT_H 1
| #define HAVE_DIRENT_H 1
| #define HAVE_WINDOWS_H 1
| #define HAVE_STRING 1
| #define HAVE_STRTOLL 1
| #define HAVE_LONG_LONG 1
| #define HAVE_UNSIGNED_LONG_LONG 1
| /* end confdefs.h.  */
| /* Define bcopy to an innocuous variant, in case <limits.h> declares bcopy.
|    For example, HP-UX 11i <limits.h> declares gettimeofday.  */
| #define bcopy innocuous_bcopy
| 
| /* System header to define __stub macros and hopefully few prototypes,
|     which can conflict with char bcopy (); below.
|     Prefer <limits.h> to <assert.h> if __STDC__ is defined, since
|     <limits.h> exists even on freestanding compilers.  */
| 
| #ifdef __STDC__
| # include <limits.h>
| #else
| # include <assert.h>
| #endif
| 
| #undef bcopy
| 
| /* Override any GCC internal prototype to avoid an error.
|    Use char because int might match the return type of a GCC
|    builtin and then its argument prototype would still apply.  */
| #ifdef __cplusplus
| extern "C"
| #endif
| char bcopy ();
| /* The GNU C library defines this for functions which it implements
|     to always fail with ENOSYS.  Some functions are actually named
|     something starting with __ and the normal name is an alias.  */
| #if defined __stub_bcopy || defined __stub___bcopy
| choke me
| #endif
| 
| int
| main ()
| {
| return bcopy ();
|   ;
|   return 0;
| }
configure:15685: result: no
configure:15685: checking for memmove
configure:15685: gcc -o conftest.exe -O2   conftest.c  >&5
conftest.c:56: warning: conflicting types for built-in function 'memmove'
configure:15685: $? = 0
configure:15685: result: yes
configure:15685: checking for strerror
configure:15685: gcc -o conftest.exe -O2   conftest.c  >&5
configure:15685: $? = 0
configure:15685: result: yes
configure:15700: checking zlib.h usability
configure:15700: gcc -c -O2  conftest.c >&5
configure:15700: $? = 0
configure:15700: result: yes
configure:15700: checking zlib.h presence
configure:15700: gcc -E  conftest.c
configure:15700: $? = 0
configure:15700: result: yes
configure:15700: checking for zlib.h
configure:15700: result: yes
configure:15710: checking for gzopen in -lz
configure:15735: gcc -o conftest.exe -O2   conftest.c -lz   >&5
configure:15735: $? = 0
configure:15744: result: yes
configure:15769: checking bzlib.h usability
configure:15769: gcc -c -O2  conftest.c >&5
conftest.c:69:19: error: bzlib.h: No such file or directory
configure:15769: $? = 1
configure: failed program was:
| /* confdefs.h */
| #define PACKAGE_NAME "PCRE"
| #define PACKAGE_TARNAME "pcre"
| #define PACKAGE_VERSION "8.10"
| #define PACKAGE_STRING "PCRE 8.10"
| #define PACKAGE_BUGREPORT ""
| #define PACKAGE_URL ""
| #define PACKAGE "pcre"
| #define VERSION "8.10"
| #define STDC_HEADERS 1
| #define HAVE_SYS_TYPES_H 1
| #define HAVE_SYS_STAT_H 1
| #define HAVE_STDLIB_H 1
| #define HAVE_STRING_H 1
| #define HAVE_MEMORY_H 1
| #define HAVE_STRINGS_H 1
| #define HAVE_INTTYPES_H 1
| #define HAVE_STDINT_H 1
| #define HAVE_UNISTD_H 1
| #define HAVE_DLFCN_H 1
| #define LT_OBJDIR ".libs/"
| #define STDC_HEADERS 1
| #define HAVE_LIMITS_H 1
| #define HAVE_SYS_TYPES_H 1
| #define HAVE_SYS_STAT_H 1
| #define HAVE_DIRENT_H 1
| #define HAVE_WINDOWS_H 1
| #define HAVE_STRING 1
| #define HAVE_STRTOLL 1
| #define HAVE_LONG_LONG 1
| #define HAVE_UNSIGNED_LONG_LONG 1
| #define HAVE_MEMMOVE 1
| #define HAVE_STRERROR 1
| #define HAVE_ZLIB_H 1
| /* end confdefs.h.  */
| #include <stdio.h>
| #ifdef HAVE_SYS_TYPES_H
| # include <sys/types.h>
| #endif
| #ifdef HAVE_SYS_STAT_H
| # include <sys/stat.h>
| #endif
| #ifdef STDC_HEADERS
| # include <stdlib.h>
| # include <stddef.h>
| #else
| # ifdef HAVE_STDLIB_H
| #  include <stdlib.h>
| # endif
| #endif
| #ifdef HAVE_STRING_H
| # if !defined STDC_HEADERS && defined HAVE_MEMORY_H
| #  include <memory.h>
| # endif
| # include <string.h>
| #endif
| #ifdef HAVE_STRINGS_H
| # include <strings.h>
| #endif
| #ifdef HAVE_INTTYPES_H
| # include <inttypes.h>
| #endif
| #ifdef HAVE_STDINT_H
| # include <stdint.h>
| #endif
| #ifdef HAVE_UNISTD_H
| # include <unistd.h>
| #endif
| #include <bzlib.h>
configure:15769: result: no
configure:15769: checking bzlib.h presence
configure:15769: gcc -E  conftest.c
conftest.c:36:19: error: bzlib.h: No such file or directory
configure:15769: $? = 1
configure: failed program was:
| /* confdefs.h */
| #define PACKAGE_NAME "PCRE"
| #define PACKAGE_TARNAME "pcre"
| #define PACKAGE_VERSION "8.10"
| #define PACKAGE_STRING "PCRE 8.10"
| #define PACKAGE_BUGREPORT ""
| #define PACKAGE_URL ""
| #define PACKAGE "pcre"
| #define VERSION "8.10"
| #define STDC_HEADERS 1
| #define HAVE_SYS_TYPES_H 1
| #define HAVE_SYS_STAT_H 1
| #define HAVE_STDLIB_H 1
| #define HAVE_STRING_H 1
| #define HAVE_MEMORY_H 1
| #define HAVE_STRINGS_H 1
| #define HAVE_INTTYPES_H 1
| #define HAVE_STDINT_H 1
| #define HAVE_UNISTD_H 1
| #define HAVE_DLFCN_H 1
| #define LT_OBJDIR ".libs/"
| #define STDC_HEADERS 1
| #define HAVE_LIMITS_H 1
| #define HAVE_SYS_TYPES_H 1
| #define HAVE_SYS_STAT_H 1
| #define HAVE_DIRENT_H 1
| #define HAVE_WINDOWS_H 1
| #define HAVE_STRING 1
| #define HAVE_STRTOLL 1
| #define HAVE_LONG_LONG 1
| #define HAVE_UNSIGNED_LONG_LONG 1
| #define HAVE_MEMMOVE 1
| #define HAVE_STRERROR 1
| #define HAVE_ZLIB_H 1
| /* end confdefs.h.  */
| #include <bzlib.h>
configure:15769: result: no
configure:15769: checking for bzlib.h
configure:15769: result: no
configure:15784: checking for libbz2
configure:15802: gcc -o conftest.exe -O2   conftest.c  -lbz2 >&5
c:/strawberry/c/bin/../lib/gcc/i686-w64-mingw32/4.4.3/../../../../i686-w64-mingw32/bin/ld.exe: cannot find -lbz2
collect2: ld returned 1 exit status
configure:15802: $? = 1
configure: failed program was:
| /* confdefs.h */
| #define PACKAGE_NAME "PCRE"
| #define PACKAGE_TARNAME "pcre"
| #define PACKAGE_VERSION "8.10"
| #define PACKAGE_STRING "PCRE 8.10"
| #define PACKAGE_BUGREPORT ""
| #define PACKAGE_URL ""
| #define PACKAGE "pcre"
| #define VERSION "8.10"
| #define STDC_HEADERS 1
| #define HAVE_SYS_TYPES_H 1
| #define HAVE_SYS_STAT_H 1
| #define HAVE_STDLIB_H 1
| #define HAVE_STRING_H 1
| #define HAVE_MEMORY_H 1
| #define HAVE_STRINGS_H 1
| #define HAVE_INTTYPES_H 1
| #define HAVE_STDINT_H 1
| #define HAVE_UNISTD_H 1
| #define HAVE_DLFCN_H 1
| #define LT_OBJDIR ".libs/"
| #define STDC_HEADERS 1
| #define HAVE_LIMITS_H 1
| #define HAVE_SYS_TYPES_H 1
| #define HAVE_SYS_STAT_H 1
| #define HAVE_DIRENT_H 1
| #define HAVE_WINDOWS_H 1
| #define HAVE_STRING 1
| #define HAVE_STRTOLL 1
| #define HAVE_LONG_LONG 1
| #define HAVE_UNSIGNED_LONG_LONG 1
| #define HAVE_MEMMOVE 1
| #define HAVE_STRERROR 1
| #define HAVE_ZLIB_H 1
| /* end confdefs.h.  */
| 
| #ifdef HAVE_BZLIB_H
| #include <bzlib.h>
| #endif
| int
| main ()
| {
| return (int)BZ2_bzopen("conftest", "rb");
|   ;
|   return 0;
| }
configure:15806: result: no
configure:15817: checking readline/readline.h usability
configure:15817: gcc -c -O2  conftest.c >&5
conftest.c:69:31: error: readline/readline.h: No such file or directory
configure:15817: $? = 1
configure: failed program was:
| /* confdefs.h */
| #define PACKAGE_NAME "PCRE"
| #define PACKAGE_TARNAME "pcre"
| #define PACKAGE_VERSION "8.10"
| #define PACKAGE_STRING "PCRE 8.10"
| #define PACKAGE_BUGREPORT ""
| #define PACKAGE_URL ""
| #define PACKAGE "pcre"
| #define VERSION "8.10"
| #define STDC_HEADERS 1
| #define HAVE_SYS_TYPES_H 1
| #define HAVE_SYS_STAT_H 1
| #define HAVE_STDLIB_H 1
| #define HAVE_STRING_H 1
| #define HAVE_MEMORY_H 1
| #define HAVE_STRINGS_H 1
| #define HAVE_INTTYPES_H 1
| #define HAVE_STDINT_H 1
| #define HAVE_UNISTD_H 1
| #define HAVE_DLFCN_H 1
| #define LT_OBJDIR ".libs/"
| #define STDC_HEADERS 1
| #define HAVE_LIMITS_H 1
| #define HAVE_SYS_TYPES_H 1
| #define HAVE_SYS_STAT_H 1
| #define HAVE_DIRENT_H 1
| #define HAVE_WINDOWS_H 1
| #define HAVE_STRING 1
| #define HAVE_STRTOLL 1
| #define HAVE_LONG_LONG 1
| #define HAVE_UNSIGNED_LONG_LONG 1
| #define HAVE_MEMMOVE 1
| #define HAVE_STRERROR 1
| #define HAVE_ZLIB_H 1
| /* end confdefs.h.  */
| #include <stdio.h>
| #ifdef HAVE_SYS_TYPES_H
| # include <sys/types.h>
| #endif
| #ifdef HAVE_SYS_STAT_H
| # include <sys/stat.h>
| #endif
| #ifdef STDC_HEADERS
| # include <stdlib.h>
| # include <stddef.h>
| #else
| # ifdef HAVE_STDLIB_H
| #  include <stdlib.h>
| # endif
| #endif
| #ifdef HAVE_STRING_H
| # if !defined STDC_HEADERS && defined HAVE_MEMORY_H
| #  include <memory.h>
| # endif
| # include <string.h>
| #endif
| #ifdef HAVE_STRINGS_H
| # include <strings.h>
| #endif
| #ifdef HAVE_INTTYPES_H
| # include <inttypes.h>
| #endif
| #ifdef HAVE_STDINT_H
| # include <stdint.h>
| #endif
| #ifdef HAVE_UNISTD_H
| # include <unistd.h>
| #endif
| #include <readline/readline.h>
configure:15817: result: no
configure:15817: checking readline/readline.h presence
configure:15817: gcc -E  conftest.c
conftest.c:36:31: error: readline/readline.h: No such file or directory
configure:15817: $? = 1
configure: failed program was:
| /* confdefs.h */
| #define PACKAGE_NAME "PCRE"
| #define PACKAGE_TARNAME "pcre"
| #define PACKAGE_VERSION "8.10"
| #define PACKAGE_STRING "PCRE 8.10"
| #define PACKAGE_BUGREPORT ""
| #define PACKAGE_URL ""
| #define PACKAGE "pcre"
| #define VERSION "8.10"
| #define STDC_HEADERS 1
| #define HAVE_SYS_TYPES_H 1
| #define HAVE_SYS_STAT_H 1
| #define HAVE_STDLIB_H 1
| #define HAVE_STRING_H 1
| #define HAVE_MEMORY_H 1
| #define HAVE_STRINGS_H 1
| #define HAVE_INTTYPES_H 1
| #define HAVE_STDINT_H 1
| #define HAVE_UNISTD_H 1
| #define HAVE_DLFCN_H 1
| #define LT_OBJDIR ".libs/"
| #define STDC_HEADERS 1
| #define HAVE_LIMITS_H 1
| #define HAVE_SYS_TYPES_H 1
| #define HAVE_SYS_STAT_H 1
| #define HAVE_DIRENT_H 1
| #define HAVE_WINDOWS_H 1
| #define HAVE_STRING 1
| #define HAVE_STRTOLL 1
| #define HAVE_LONG_LONG 1
| #define HAVE_UNSIGNED_LONG_LONG 1
| #define HAVE_MEMMOVE 1
| #define HAVE_STRERROR 1
| #define HAVE_ZLIB_H 1
| /* end confdefs.h.  */
| #include <readline/readline.h>
configure:15817: result: no
configure:15817: checking for readline/readline.h
configure:15817: result: no
configure:15829: checking readline/history.h usability
configure:15829: gcc -c -O2  conftest.c >&5
conftest.c:69:30: error: readline/history.h: No such file or directory
configure:15829: $? = 1
configure: failed program was:
| /* confdefs.h */
| #define PACKAGE_NAME "PCRE"
| #define PACKAGE_TARNAME "pcre"
| #define PACKAGE_VERSION "8.10"
| #define PACKAGE_STRING "PCRE 8.10"
| #define PACKAGE_BUGREPORT ""
| #define PACKAGE_URL ""
| #define PACKAGE "pcre"
| #define VERSION "8.10"
| #define STDC_HEADERS 1
| #define HAVE_SYS_TYPES_H 1
| #define HAVE_SYS_STAT_H 1
| #define HAVE_STDLIB_H 1
| #define HAVE_STRING_H 1
| #define HAVE_MEMORY_H 1
| #define HAVE_STRINGS_H 1
| #define HAVE_INTTYPES_H 1
| #define HAVE_STDINT_H 1
| #define HAVE_UNISTD_H 1
| #define HAVE_DLFCN_H 1
| #define LT_OBJDIR ".libs/"
| #define STDC_HEADERS 1
| #define HAVE_LIMITS_H 1
| #define HAVE_SYS_TYPES_H 1
| #define HAVE_SYS_STAT_H 1
| #define HAVE_DIRENT_H 1
| #define HAVE_WINDOWS_H 1
| #define HAVE_STRING 1
| #define HAVE_STRTOLL 1
| #define HAVE_LONG_LONG 1
| #define HAVE_UNSIGNED_LONG_LONG 1
| #define HAVE_MEMMOVE 1
| #define HAVE_STRERROR 1
| #define HAVE_ZLIB_H 1
| /* end confdefs.h.  */
| #include <stdio.h>
| #ifdef HAVE_SYS_TYPES_H
| # include <sys/types.h>
| #endif
| #ifdef HAVE_SYS_STAT_H
| # include <sys/stat.h>
| #endif
| #ifdef STDC_HEADERS
| # include <stdlib.h>
| # include <stddef.h>
| #else
| # ifdef HAVE_STDLIB_H
| #  include <stdlib.h>
| # endif
| #endif
| #ifdef HAVE_STRING_H
| # if !defined STDC_HEADERS && defined HAVE_MEMORY_H
| #  include <memory.h>
| # endif
| # include <string.h>
| #endif
| #ifdef HAVE_STRINGS_H
| # include <strings.h>
| #endif
| #ifdef HAVE_INTTYPES_H
| # include <inttypes.h>
| #endif
| #ifdef HAVE_STDINT_H
| # include <stdint.h>
| #endif
| #ifdef HAVE_UNISTD_H
| # include <unistd.h>
| #endif
| #include <readline/history.h>
configure:15829: result: no
configure:15829: checking readline/history.h presence
configure:15829: gcc -E  conftest.c
conftest.c:36:30: error: readline/history.h: No such file or directory
configure:15829: $? = 1
configure: failed program was:
| /* confdefs.h */
| #define PACKAGE_NAME "PCRE"
| #define PACKAGE_TARNAME "pcre"
| #define PACKAGE_VERSION "8.10"
| #define PACKAGE_STRING "PCRE 8.10"
| #define PACKAGE_BUGREPORT ""
| #define PACKAGE_URL ""
| #define PACKAGE "pcre"
| #define VERSION "8.10"
| #define STDC_HEADERS 1
| #define HAVE_SYS_TYPES_H 1
| #define HAVE_SYS_STAT_H 1
| #define HAVE_STDLIB_H 1
| #define HAVE_STRING_H 1
| #define HAVE_MEMORY_H 1
| #define HAVE_STRINGS_H 1
| #define HAVE_INTTYPES_H 1
| #define HAVE_STDINT_H 1
| #define HAVE_UNISTD_H 1
| #define HAVE_DLFCN_H 1
| #define LT_OBJDIR ".libs/"
| #define STDC_HEADERS 1
| #define HAVE_LIMITS_H 1
| #define HAVE_SYS_TYPES_H 1
| #define HAVE_SYS_STAT_H 1
| #define HAVE_DIRENT_H 1
| #define HAVE_WINDOWS_H 1
| #define HAVE_STRING 1
| #define HAVE_STRTOLL 1
| #define HAVE_LONG_LONG 1
| #define HAVE_UNSIGNED_LONG_LONG 1
| #define HAVE_MEMMOVE 1
| #define HAVE_STRERROR 1
| #define HAVE_ZLIB_H 1
| /* end confdefs.h.  */
| #include <readline/history.h>
configure:15829: result: no
configure:15829: checking for readline/history.h
configure:15829: result: no
configure:15839: checking for readline in -lreadline
configure:15864: gcc -o conftest.exe -O2   conftest.c -lreadline   >&5
c:/strawberry/c/bin/../lib/gcc/i686-w64-mingw32/4.4.3/../../../../i686-w64-mingw32/bin/ld.exe: cannot find -lreadline
collect2: ld returned 1 exit status
configure:15864: $? = 1
configure: failed program was:
| /* confdefs.h */
| #define PACKAGE_NAME "PCRE"
| #define PACKAGE_TARNAME "pcre"
| #define PACKAGE_VERSION "8.10"
| #define PACKAGE_STRING "PCRE 8.10"
| #define PACKAGE_BUGREPORT ""
| #define PACKAGE_URL ""
| #define PACKAGE "pcre"
| #define VERSION "8.10"
| #define STDC_HEADERS 1
| #define HAVE_SYS_TYPES_H 1
| #define HAVE_SYS_STAT_H 1
| #define HAVE_STDLIB_H 1
| #define HAVE_STRING_H 1
| #define HAVE_MEMORY_H 1
| #define HAVE_STRINGS_H 1
| #define HAVE_INTTYPES_H 1
| #define HAVE_STDINT_H 1
| #define HAVE_UNISTD_H 1
| #define HAVE_DLFCN_H 1
| #define LT_OBJDIR ".libs/"
| #define STDC_HEADERS 1
| #define HAVE_LIMITS_H 1
| #define HAVE_SYS_TYPES_H 1
| #define HAVE_SYS_STAT_H 1
| #define HAVE_DIRENT_H 1
| #define HAVE_WINDOWS_H 1
| #define HAVE_STRING 1
| #define HAVE_STRTOLL 1
| #define HAVE_LONG_LONG 1
| #define HAVE_UNSIGNED_LONG_LONG 1
| #define HAVE_MEMMOVE 1
| #define HAVE_STRERROR 1
| #define HAVE_ZLIB_H 1
| /* end confdefs.h.  */
| 
| /* Override any GCC internal prototype to avoid an error.
|    Use char because int might match the return type of a GCC
|    builtin and then its argument prototype would still apply.  */
| #ifdef __cplusplus
| extern "C"
| #endif
| char readline ();
| int
| main ()
| {
| return readline ();
|   ;
|   return 0;
| }
configure:15873: result: no
configure:16199: creating ./config.status

## ---------------------- ##
## Running config.status. ##
## ---------------------- ##

This file was extended by PCRE config.status 8.10, which was
generated by GNU Autoconf 2.65.  Invocation command line was

  CONFIG_FILES    = 
  CONFIG_HEADERS  = 
  CONFIG_LINKS    = 
  CONFIG_COMMANDS = 
  $ ./config.status 

on FRANCK-WMD-PC

config.status:1195: creating Makefile
config.status:1195: creating libpcre.pc
config.status:1195: creating libpcreposix.pc
config.status:1195: creating libpcrecpp.pc
config.status:1195: creating pcre-config
config.status:1195: creating pcre.h
config.status:1195: creating pcre_stringpiece.h
config.status:1195: creating pcrecpparg.h
config.status:1195: creating config.h
config.status:1415: executing depfiles commands
config.status:1415: executing libtool commands
config.status:1415: executing script-chmod commands
config.status:1415: executing delete-old-chartables commands

## ---------------- ##
## Cache variables. ##
## ---------------- ##

ac_cv_build=i686-pc-mingw32
ac_cv_c_compiler_gnu=yes
ac_cv_c_const=yes
ac_cv_c_int64_t=no
ac_cv_cxx_compiler_gnu=yes
ac_cv_env_CCC_set=
ac_cv_env_CCC_value=
ac_cv_env_CC_set=
ac_cv_env_CC_value=
ac_cv_env_CFLAGS_set=
ac_cv_env_CFLAGS_value=
ac_cv_env_CPPFLAGS_set=
ac_cv_env_CPPFLAGS_value=
ac_cv_env_CPP_set=
ac_cv_env_CPP_value=
ac_cv_env_CXXCPP_set=
ac_cv_env_CXXCPP_value=
ac_cv_env_CXXFLAGS_set=
ac_cv_env_CXXFLAGS_value=
ac_cv_env_CXX_set=
ac_cv_env_CXX_value=
ac_cv_env_LDFLAGS_set=
ac_cv_env_LDFLAGS_value=
ac_cv_env_LIBS_set=
ac_cv_env_LIBS_value=
ac_cv_env_build_alias_set=
ac_cv_env_build_alias_value=
ac_cv_env_host_alias_set=
ac_cv_env_host_alias_value=
ac_cv_env_target_alias_set=
ac_cv_env_target_alias_value=
ac_cv_exeext=.exe
ac_cv_func_bcopy=no
ac_cv_func_memmove=yes
ac_cv_func_strerror=yes
ac_cv_header_bits_type_traits_h=no
ac_cv_header_bzlib_h=no
ac_cv_header_dirent_h=yes
ac_cv_header_dlfcn_h=yes
ac_cv_header_inttypes_h=yes
ac_cv_header_limits_h=yes
ac_cv_header_memory_h=yes
ac_cv_header_readline_history_h=no
ac_cv_header_readline_readline_h=no
ac_cv_header_stdc=yes
ac_cv_header_stdint_h=yes
ac_cv_header_stdlib_h=yes
ac_cv_header_string=yes
ac_cv_header_string_h=yes
ac_cv_header_strings_h=yes
ac_cv_header_sys_stat_h=yes
ac_cv_header_sys_types_h=yes
ac_cv_header_type_traits_h=no
ac_cv_header_unistd_h=yes
ac_cv_header_windows_h=yes
ac_cv_header_zlib_h=yes
ac_cv_host=i686-pc-mingw32
ac_cv_lib_readline_readline=no
ac_cv_lib_z_gzopen=yes
ac_cv_objext=o
ac_cv_path_EGREP='/bin/grep -E'
ac_cv_path_FGREP='/bin/grep -F'
ac_cv_path_GREP=/bin/grep
ac_cv_path_SED=/bin/sed
ac_cv_path_mkdir=/bin/mkdir
ac_cv_prog_AWK=gawk
ac_cv_prog_CPP='gcc -E'
ac_cv_prog_CXXCPP='g++ -E'
ac_cv_prog_ac_ct_AR=ar
ac_cv_prog_ac_ct_AS=as
ac_cv_prog_ac_ct_CC=gcc
ac_cv_prog_ac_ct_CXX=g++
ac_cv_prog_ac_ct_DLLTOOL=dlltool
ac_cv_prog_ac_ct_OBJDUMP=objdump
ac_cv_prog_ac_ct_RANLIB=ranlib
ac_cv_prog_ac_ct_STRIP=strip
ac_cv_prog_cc_c89=
ac_cv_prog_cc_g=yes
ac_cv_prog_cxx_g=yes
ac_cv_prog_make_make_set=no
ac_cv_type_long_long=yes
ac_cv_type_size_t=yes
ac_cv_type_unsigned_long_long=yes
am_cv_CC_dependencies_compiler_type=none
am_cv_CXX_dependencies_compiler_type=none
lt_cv_deplibs_check_method='file_magic file format pei*-i386(.*architecture: i386)?'
lt_cv_file_magic_cmd='$OBJDUMP -f'
lt_cv_file_magic_test_file=
lt_cv_ld_reload_flag=-r
lt_cv_nm_interface='BSD nm'
lt_cv_objdir=.libs
lt_cv_path_LD=c:/strawberry/c/i686-w64-mingw32/bin/ld.exe
lt_cv_path_LDCXX=c:/strawberry/c/i686-w64-mingw32/bin/ld.exe
lt_cv_path_NM=/c/strawberry/c/bin/nm
lt_cv_prog_compiler_c_o=yes
lt_cv_prog_compiler_c_o_CXX=yes
lt_cv_prog_compiler_pic_works=yes
lt_cv_prog_compiler_pic_works_CXX=yes
lt_cv_prog_compiler_rtti_exceptions=no
lt_cv_prog_compiler_static_works=yes
lt_cv_prog_compiler_static_works_CXX=yes
lt_cv_prog_gnu_ld=yes
lt_cv_prog_gnu_ldcxx=yes
lt_cv_sys_global_symbol_pipe='sed -n -e '\''s/^.*[	 ]\([ABCDGIRSTW][ABCDGIRSTW]*\)[	 ][	 ]*_\([_A-Za-z][_A-Za-z0-9]*\)\{0,1\}$/\1 _\2 \2/p'\'''
lt_cv_sys_global_symbol_to_c_name_address='sed -n -e '\''s/^: \([^ ]*\) $/  {\"\1\", (void *) 0},/p'\'' -e '\''s/^[ABCDGIRSTW]* \([^ ]*\) \([^ ]*\)$/  {"\2", (void *) \&\2},/p'\'''
lt_cv_sys_global_symbol_to_c_name_address_lib_prefix='sed -n -e '\''s/^: \([^ ]*\) $/  {\"\1\", (void *) 0},/p'\'' -e '\''s/^[ABCDGIRSTW]* \([^ ]*\) \(lib[^ ]*\)$/  {"\2", (void *) \&\2},/p'\'' -e '\''s/^[ABCDGIRSTW]* \([^ ]*\) \([^ ]*\)$/  {"lib\2", (void *) \&\2},/p'\'''
lt_cv_sys_global_symbol_to_cdecl='sed -n -e '\''s/^T .* \(.*\)$/extern int \1();/p'\'' -e '\''s/^[ABCDGIRSTW]* .* \(.*\)$/extern char \1;/p'\'''
lt_cv_sys_max_cmd_len=8192

## ----------------- ##
## Output variables. ##
## ----------------- ##

ACLOCAL='${SHELL} /z/AppFramework/SDK/pcre/8.10/missing --run aclocal-1.10'
AMDEPBACKSLASH='\'
AMDEP_FALSE='#'
AMDEP_TRUE=''
AMTAR='${SHELL} /z/AppFramework/SDK/pcre/8.10/missing --run tar'
AR='ar'
AS='as'
AUTOCONF='${SHELL} /z/AppFramework/SDK/pcre/8.10/missing --run autoconf'
AUTOHEADER='${SHELL} /z/AppFramework/SDK/pcre/8.10/missing --run autoheader'
AUTOMAKE='${SHELL} /z/AppFramework/SDK/pcre/8.10/missing --run automake-1.10'
AWK='gawk'
CC='gcc'
CCDEPMODE='depmode=none'
CFLAGS='-O2'
CPP='gcc -E'
CPPFLAGS=''
CXX='g++'
CXXCPP='g++ -E'
CXXDEPMODE='depmode=none'
CXXFLAGS='-O2'
CYGPATH_W='echo'
DEFS='-DHAVE_CONFIG_H'
DEPDIR='.deps'
DISTCHECK_CONFIGURE_FLAGS='--enable-cpp --enable-unicode-properties'
DLLTOOL='dlltool'
DSYMUTIL=''
DUMPBIN=''
ECHO_C=''
ECHO_N='-n'
ECHO_T=''
EGREP='/bin/grep -E'
EXEEXT='.exe'
EXTRA_LIBPCRECPP_LDFLAGS='                           -no-undefined -version-info 0:0:0                           -Wl,--export-all-symbols'
EXTRA_LIBPCREPOSIX_LDFLAGS='                             -no-undefined -version-info 0:0:0'
EXTRA_LIBPCRE_LDFLAGS='                        -no-undefined -version-info 0:1:0'
FGREP='/bin/grep -F'
GREP='/bin/grep'
INSTALL_DATA='${INSTALL} -m 644'
INSTALL_PROGRAM='${INSTALL}'
INSTALL_SCRIPT='${INSTALL}'
INSTALL_STRIP_PROGRAM='$(install_sh) -c -s'
LD='c:/strawberry/c/i686-w64-mingw32/bin/ld.exe'
LDFLAGS=''
LIBBZ2=''
LIBOBJS=''
LIBREADLINE=''
LIBS=''
LIBTOOL='$(SHELL) $(top_builddir)/libtool'
LIBZ=''
LIPO=''
LN_S='cp -p'
LTLIBOBJS=''
MAKEINFO='${SHELL} /z/AppFramework/SDK/pcre/8.10/missing --run makeinfo'
MKDIR_P='/bin/mkdir -p'
NM='/c/strawberry/c/bin/nm'
NMEDIT=''
OBJDUMP='objdump'
OBJEXT='o'
OTOOL64=''
OTOOL=''
PACKAGE='pcre'
PACKAGE_BUGREPORT=''
PACKAGE_NAME='PCRE'
PACKAGE_STRING='PCRE 8.10'
PACKAGE_TARNAME='pcre'
PACKAGE_URL=''
PACKAGE_VERSION='8.10'
PATH_SEPARATOR=':'
PCRE_DATE='2010-06-25'
PCRE_MAJOR='8'
PCRE_MINOR='10'
PCRE_PRERELEASE=''
PCRE_STATIC_CFLAG=''
RANLIB='ranlib'
SED='/bin/sed'
SET_MAKE='MAKE=make'
SHELL='/bin/sh'
STRIP='strip'
VERSION='8.10'
WITH_PCRE_CPP_FALSE='#'
WITH_PCRE_CPP_TRUE=''
WITH_REBUILD_CHARTABLES_FALSE=''
WITH_REBUILD_CHARTABLES_TRUE='#'
ac_ct_CC='gcc'
ac_ct_CXX='g++'
ac_ct_DUMPBIN=''
am__fastdepCC_FALSE=''
am__fastdepCC_TRUE='#'
am__fastdepCXX_FALSE=''
am__fastdepCXX_TRUE='#'
am__include='#'
am__isrc=''
am__leading_dot='.'
am__quote=''
am__tar='${AMTAR} chof - "$$tardir"'
am__untar='${AMTAR} xf -'
bindir='${exec_prefix}/bin'
build='i686-pc-mingw32'
build_alias=''
build_cpu='i686'
build_os='mingw32'
build_vendor='pc'
datadir='${datarootdir}'
datarootdir='${prefix}/share'
docdir='${datarootdir}/doc/${PACKAGE_TARNAME}'
dvidir='${docdir}'
enable_cpp='yes'
exec_prefix='${prefix}'
host='i686-pc-mingw32'
host_alias=''
host_cpu='i686'
host_os='mingw32'
host_vendor='pc'
htmldir='${docdir}/html'
includedir='${prefix}/include'
infodir='${datarootdir}/info'
install_sh='$(SHELL) /z/AppFramework/SDK/pcre/8.10/install-sh'
libdir='${exec_prefix}/lib'
libexecdir='${exec_prefix}/libexec'
localedir='${datarootdir}/locale'
localstatedir='${prefix}/var'
lt_ECHO='echo'
mandir='${datarootdir}/man'
mkdir_p='/bin/mkdir -p'
oldincludedir='/usr/include'
pcre_have_bits_type_traits='0'
pcre_have_long_long='1'
pcre_have_type_traits='0'
pcre_have_ulong_long='1'
pdfdir='${docdir}'
prefix='/usr/local'
program_transform_name='s,x,x,'
psdir='${docdir}'
sbindir='${exec_prefix}/sbin'
sharedstatedir='${prefix}/com'
sysconfdir='${prefix}/etc'
target_alias=''

## ----------- ##
## confdefs.h. ##
## ----------- ##

/* confdefs.h */
#define PACKAGE_NAME "PCRE"
#define PACKAGE_TARNAME "pcre"
#define PACKAGE_VERSION "8.10"
#define PACKAGE_STRING "PCRE 8.10"
#define PACKAGE_BUGREPORT ""
#define PACKAGE_URL ""
#define PACKAGE "pcre"
#define VERSION "8.10"
#define STDC_HEADERS 1
#define HAVE_SYS_TYPES_H 1
#define HAVE_SYS_STAT_H 1
#define HAVE_STDLIB_H 1
#define HAVE_STRING_H 1
#define HAVE_MEMORY_H 1
#define HAVE_STRINGS_H 1
#define HAVE_INTTYPES_H 1
#define HAVE_STDINT_H 1
#define HAVE_UNISTD_H 1
#define HAVE_DLFCN_H 1
#define LT_OBJDIR ".libs/"
#define STDC_HEADERS 1
#define HAVE_LIMITS_H 1
#define HAVE_SYS_TYPES_H 1
#define HAVE_SYS_STAT_H 1
#define HAVE_DIRENT_H 1
#define HAVE_WINDOWS_H 1
#define HAVE_STRING 1
#define HAVE_STRTOLL 1
#define HAVE_LONG_LONG 1
#define HAVE_UNSIGNED_LONG_LONG 1
#define HAVE_MEMMOVE 1
#define HAVE_STRERROR 1
#define HAVE_ZLIB_H 1
#define NEWLINE 10
#define LINK_SIZE 2
#define POSIX_MALLOC_THRESHOLD 10
#define MATCH_LIMIT 10000000
#define MATCH_LIMIT_RECURSION MATCH_LIMIT
#define MAX_NAME_SIZE 32
#define MAX_NAME_COUNT 10000

configure: exit 0
